{
  "0 debug pnpm:scope": {
    "selected": 1
  },
  "1 error pnpm": {
    "errno": 1,
    "code": "ELIFECYCLE",
    "pkgid": "16.viteplugin@1.0.0",
    "stage": "dev",
    "script": "vite",
    "pkgname": "16.viteplugin",
    "err": {
      "name": "pnpm",
      "message": "16.viteplugin@1.0.0 dev: `vite`\nExit status 1",
      "code": "ELIFECYCLE",
      "stack": "pnpm: 16.viteplugin@1.0.0 dev: `vite`\nExit status 1\n    at EventEmitter.<anonymous> (C:\\Users\\zhangrenyang\\AppData\\Roaming\\npm\\pnpm-global\\5\\node_modules\\.pnpm\\registry.npmmirror.com+pnpm@6.32.3\\node_modules\\pnpm\\dist\\pnpm.cjs:105724:20)\n    at EventEmitter.emit (node:events:394:28)\n    at ChildProcess.<anonymous> (C:\\Users\\zhangrenyang\\AppData\\Roaming\\npm\\pnpm-global\\5\\node_modules\\.pnpm\\registry.npmmirror.com+pnpm@6.32.3\\node_modules\\pnpm\\dist\\pnpm.cjs:92285:18)\n    at ChildProcess.emit (node:events:394:28)\n    at maybeClose (node:internal/child_process:1064:16)\n    at Process.ChildProcess._handle.onexit (node:internal/child_process:301:5)"
    }
  },
  "2 warn pnpm:global": " Local package.json exists, but node_modules missing, did you mean to install?"
}